# JRE version: Java(TM) SE Runtime Environment (8.0_221-b11) (build 1.8.0_221-b11)
# Java VM: Java HotSpot(TM) 64-Bit Server VM (25.221-b11 mixed mode windows-amd64 compressed oops)
Heap:
 PSYoungGen      total 655360K, used 655250K [0x0000000740b00000, 0x0000000774e80000, 0x00000007c0000000)
  eden space 646144K, 100% used [0x0000000740b00000,0x0000000768200000,0x0000000768200000)
  from space 9216K, 98% used [0x0000000774580000,0x0000000774e64878,0x0000000774e80000)
  to   space 16384K, 50% used [0x0000000772e80000,0x000000077368c878,0x0000000773e80000)
 ParOldGen       total 207360K, used 103780K [0x0000000642000000, 0x000000064ea80000, 0x0000000740b00000)
  object space 207360K, 50% used [0x0000000642000000,0x0000000648559338,0x000000064ea80000)
 Metaspace       used 74341K, capacity 79232K, committed 79488K, reserved 1118208K
  class space    used 10119K, capacity 11079K, committed 11136K, reserved 1048576K
GC Heap History (10 events):
Event: 2079.938 GC heap after
Heap after GC invocations=37 (full 14):
 PSYoungGen      total 682496K, used 9056K [0x0000000740b00000, 0x000000076bf80000, 0x00000007c0000000)
  eden space 673280K, 0% used [0x0000000740b00000,0x0000000740b00000,0x0000000769c80000)
  from space 9216K, 98% used [0x0000000769c80000,0x000000076a5583d8,0x000000076a580000)
  to   space 17920K, 0% used [0x000000076ae00000,0x000000076ae00000,0x000000076bf80000)
 ParOldGen       total 207360K, used 98102K [0x0000000642000000, 0x000000064ea80000, 0x0000000740b00000)
  object space 207360K, 47% used [0x0000000642000000,0x0000000647fcd9a8,0x000000064ea80000)
 Metaspace       used 73553K, capacity 78422K, committed 78720K, reserved 1116160K
  class space    used 10092K, capacity 11030K, committed 11136K, reserved 1048576K
}
Event: 2079.938 GC heap before
{Heap before GC invocations=38 (full 15):
 PSYoungGen      total 682496K, used 9056K [0x0000000740b00000, 0x000000076bf80000, 0x00000007c0000000)
  eden space 673280K, 0% used [0x0000000740b00000,0x0000000740b00000,0x0000000769c80000)
  from space 9216K, 98% used [0x0000000769c80000,0x000000076a5583d8,0x000000076a580000)
  to   space 17920K, 0% used [0x000000076ae00000,0x000000076ae00000,0x000000076bf80000)
 ParOldGen       total 207360K, used 98102K [0x0000000642000000, 0x000000064ea80000, 0x0000000740b00000)
  object space 207360K, 47% used [0x0000000642000000,0x0000000647fcd9a8,0x000000064ea80000)
 Metaspace       used 73553K, capacity 78422K, committed 78720K, reserved 1116160K
  class space    used 10092K, capacity 11030K, committed 11136K, reserved 1048576K
Event: 2080.141 GC heap after
Heap after GC invocations=38 (full 15):
 PSYoungGen      total 682496K, used 0K [0x0000000740b00000, 0x000000076bf80000, 0x00000007c0000000)
  eden space 673280K, 0% used [0x0000000740b00000,0x0000000740b00000,0x0000000769c80000)
  from space 9216K, 0% used [0x0000000769c80000,0x0000000769c80000,0x000000076a580000)
  to   space 17920K, 0% used [0x000000076ae00000,0x000000076ae00000,0x000000076bf80000)
 ParOldGen       total 207360K, used 103748K [0x0000000642000000, 0x000000064ea80000, 0x0000000740b00000)
  object space 207360K, 50% used [0x0000000642000000,0x0000000648551338,0x000000064ea80000)
 Metaspace       used 73553K, capacity 78422K, committed 78720K, reserved 1116160K
  class space    used 10092K, capacity 11030K, committed 11136K, reserved 1048576K
}
Event: 3288.007 GC heap before
{Heap before GC invocations=39 (full 15):
 PSYoungGen      total 682496K, used 673280K [0x0000000740b00000, 0x000000076bf80000, 0x00000007c0000000)
  eden space 673280K, 100% used [0x0000000740b00000,0x0000000769c80000,0x0000000769c80000)
  from space 9216K, 0% used [0x0000000769c80000,0x0000000769c80000,0x000000076a580000)
  to   space 17920K, 0% used [0x000000076ae00000,0x000000076ae00000,0x000000076bf80000)
 ParOldGen       total 207360K, used 103748K [0x0000000642000000, 0x000000064ea80000, 0x0000000740b00000)
  object space 207360K, 50% used [0x0000000642000000,0x0000000648551338,0x000000064ea80000)
 Metaspace       used 73830K, capacity 78780K, committed 78976K, reserved 1118208K
  class space    used 10118K, capacity 11079K, committed 11136K, reserved 1048576K
Event: 3288.014 GC heap after
Heap after GC invocations=39 (full 15):
 PSYoungGen      total 691200K, used 11430K [0x0000000740b00000, 0x0000000777400000, 0x00000007c0000000)
  eden space 673280K, 0% used [0x0000000740b00000,0x0000000740b00000,0x0000000769c80000)
  from space 17920K, 63% used [0x000000076ae00000,0x000000076b9299c0,0x000000076bf80000)
  to   space 17920K, 0% used [0x0000000769c80000,0x0000000769c80000,0x000000076ae00000)
 ParOldGen       total 207360K, used 103756K [0x0000000642000000, 0x000000064ea80000, 0x0000000740b00000)
  object space 207360K, 50% used [0x0000000642000000,0x0000000648553338,0x000000064ea80000)
 Metaspace       used 73830K, capacity 78780K, committed 78976K, reserved 1118208K
  class space    used 10118K, capacity 11079K, committed 11136K, reserved 1048576K
}
Event: 6756.695 GC heap before
{Heap before GC invocations=40 (full 15):
 PSYoungGen      total 691200K, used 684710K [0x0000000740b00000, 0x0000000777400000, 0x00000007c0000000)
  eden space 673280K, 100% used [0x0000000740b00000,0x0000000769c80000,0x0000000769c80000)
  from space 17920K, 63% used [0x000000076ae00000,0x000000076b9299c0,0x000000076bf80000)
  to   space 17920K, 0% used [0x0000000769c80000,0x0000000769c80000,0x000000076ae00000)
 ParOldGen       total 207360K, used 103756K [0x0000000642000000, 0x000000064ea80000, 0x0000000740b00000)
  object space 207360K, 50% used [0x0000000642000000,0x0000000648553338,0x000000064ea80000)
 Metaspace       used 73830K, capacity 78780K, committed 78976K, reserved 1118208K
  class space    used 10118K, capacity 11079K, committed 11136K, reserved 1048576K
Event: 6756.702 GC heap after
Heap after GC invocations=40 (full 15):
 PSYoungGen      total 691200K, used 8978K [0x0000000740b00000, 0x0000000775600000, 0x00000007c0000000)
  eden space 673280K, 0% used [0x0000000740b00000,0x0000000740b00000,0x0000000769c80000)
  from space 17920K, 50% used [0x0000000769c80000,0x000000076a544858,0x000000076ae00000)
  to   space 16896K, 0% used [0x0000000774580000,0x0000000774580000,0x0000000775600000)
 ParOldGen       total 207360K, used 103764K [0x0000000642000000, 0x000000064ea80000, 0x0000000740b00000)
  object space 207360K, 50% used [0x0000000642000000,0x0000000648555338,0x000000064ea80000)
 Metaspace       used 73830K, capacity 78780K, committed 78976K, reserved 1118208K
  class space    used 10118K, capacity 11079K, committed 11136K, reserved 1048576K
}
Event: 10114.640 GC heap before
{Heap before GC invocations=41 (full 15):
 PSYoungGen      total 691200K, used 682258K [0x0000000740b00000, 0x0000000775600000, 0x00000007c0000000)
  eden space 673280K, 100% used [0x0000000740b00000,0x0000000769c80000,0x0000000769c80000)
  from space 17920K, 50% used [0x0000000769c80000,0x000000076a544858,0x000000076ae00000)
  to   space 16896K, 0% used [0x0000000774580000,0x0000000774580000,0x0000000775600000)
 ParOldGen       total 207360K, used 103764K [0x0000000642000000, 0x000000064ea80000, 0x0000000740b00000)
  object space 207360K, 50% used [0x0000000642000000,0x0000000648555338,0x000000064ea80000)
 Metaspace       used 73858K, capacity 78780K, committed 78976K, reserved 1118208K
  class space    used 10118K, capacity 11079K, committed 11136K, reserved 1048576K
Event: 10114.646 GC heap after
Heap after GC invocations=41 (full 15):
 PSYoungGen      total 655360K, used 9106K [0x0000000740b00000, 0x0000000774e80000, 0x00000007c0000000)
  eden space 646144K, 0% used [0x0000000740b00000,0x0000000740b00000,0x0000000768200000)
  from space 9216K, 98% used [0x0000000774580000,0x0000000774e64878,0x0000000774e80000)
  to   space 16384K, 0% used [0x0000000772e80000,0x0000000772e80000,0x0000000773e80000)
 ParOldGen       total 207360K, used 103772K [0x0000000642000000, 0x000000064ea80000, 0x0000000740b00000)
  object space 207360K, 50% used [0x0000000642000000,0x0000000648557338,0x000000064ea80000)
 Metaspace       used 73858K, capacity 78780K, committed 78976K, reserved 1118208K
  class space    used 10118K, capacity 11079K, committed 11136K, reserved 1048576K
}
Event: 12546.298 GC heap before
{Heap before GC invocations=42 (full 15):
 PSYoungGen      total 655360K, used 655250K [0x0000000740b00000, 0x0000000774e80000, 0x00000007c0000000)
  eden space 646144K, 100% used [0x0000000740b00000,0x0000000768200000,0x0000000768200000)
  from space 9216K, 98% used [0x0000000774580000,0x0000000774e64878,0x0000000774e80000)
  to   space 16384K, 0% used [0x0000000772e80000,0x0000000772e80000,0x0000000773e80000)
 ParOldGen       total 207360K, used 103772K [0x0000000642000000, 0x000000064ea80000, 0x0000000740b00000)
  object space 207360K, 50% used [0x0000000642000000,0x0000000648557338,0x000000064ea80000)
 Metaspace       used 74341K, capacity 79232K, committed 79488K, reserved 1118208K
  class space    used 10119K, capacity 11079K, committed 11136K, reserved 1048576K

