# JRE version: Java(TM) SE Runtime Environment (8.0_221-b11) (build 1.8.0_221-b11)
# Java VM: Java HotSpot(TM) 64-Bit Server VM (25.221-b11 mixed mode windows-amd64 compressed oops)
Heap:
 PSYoungGen      total 212480K, used 47895K [0x0000000740b00000, 0x000000074ea00000, 0x00000007c0000000)
  eden space 196608K, 24% used [0x0000000740b00000,0x00000007439c5d80,0x000000074cb00000)
  from space 15872K, 0% used [0x000000074cb00000,0x000000074cb00000,0x000000074da80000)
  to   space 15872K, 0% used [0x000000074da80000,0x000000074da80000,0x000000074ea00000)
 ParOldGen       total 151040K, used 31796K [0x0000000642000000, 0x000000064b380000, 0x0000000740b00000)
  object space 151040K, 21% used [0x0000000642000000,0x0000000643f0d290,0x000000064b380000)
 Metaspace       used 54264K, capacity 56516K, committed 57344K, reserved 1118208K
  class space    used 7364K, capacity 7805K, committed 7936K, reserved 1048576K
GC Heap History (10 events):
Event: 7.545 GC heap before
{Heap before GC invocations=20 (full 7):
 PSYoungGen      total 212480K, used 608K [0x0000000740b00000, 0x000000074ea00000, 0x00000007c0000000)
  eden space 196608K, 0% used [0x0000000740b00000,0x0000000740b00000,0x000000074cb00000)
  from space 15872K, 3% used [0x000000074cb00000,0x000000074cb98000,0x000000074da80000)
  to   space 15872K, 0% used [0x000000074da80000,0x000000074da80000,0x000000074ea00000)
 ParOldGen       total 151040K, used 32015K [0x0000000642000000, 0x000000064b380000, 0x0000000740b00000)
  object space 151040K, 21% used [0x0000000642000000,0x0000000643f43c00,0x000000064b380000)
 Metaspace       used 51878K, capacity 54086K, committed 54784K, reserved 1110016K
  class space    used 7066K, capacity 7512K, committed 7680K, reserved 1048576K
Event: 7.586 GC heap after
Heap after GC invocations=20 (full 7):
 PSYoungGen      total 212480K, used 0K [0x0000000740b00000, 0x000000074ea00000, 0x00000007c0000000)
  eden space 196608K, 0% used [0x0000000740b00000,0x0000000740b00000,0x000000074cb00000)
  from space 15872K, 0% used [0x000000074cb00000,0x000000074cb00000,0x000000074da80000)
  to   space 15872K, 0% used [0x000000074da80000,0x000000074da80000,0x000000074ea00000)
 ParOldGen       total 151040K, used 31440K [0x0000000642000000, 0x000000064b380000, 0x0000000740b00000)
  object space 151040K, 20% used [0x0000000642000000,0x0000000643eb43d8,0x000000064b380000)
 Metaspace       used 51878K, capacity 54086K, committed 54784K, reserved 1105920K
  class space    used 7066K, capacity 7512K, committed 7680K, reserved 1048576K
}
Event: 7.614 GC heap before
{Heap before GC invocations=21 (full 7):
 PSYoungGen      total 212480K, used 8089K [0x0000000740b00000, 0x000000074ea00000, 0x00000007c0000000)
  eden space 196608K, 4% used [0x0000000740b00000,0x00000007412e6450,0x000000074cb00000)
  from space 15872K, 0% used [0x000000074cb00000,0x000000074cb00000,0x000000074da80000)
  to   space 15872K, 0% used [0x000000074da80000,0x000000074da80000,0x000000074ea00000)
 ParOldGen       total 151040K, used 31440K [0x0000000642000000, 0x000000064b380000, 0x0000000740b00000)
  object space 151040K, 20% used [0x0000000642000000,0x0000000643eb43d8,0x000000064b380000)
 Metaspace       used 52192K, capacity 54374K, committed 55040K, reserved 1110016K
  class space    used 7116K, capacity 7544K, committed 7680K, reserved 1048576K
Event: 7.617 GC heap after
Heap after GC invocations=21 (full 7):
 PSYoungGen      total 212480K, used 672K [0x0000000740b00000, 0x000000074ea00000, 0x00000007c0000000)
  eden space 196608K, 0% used [0x0000000740b00000,0x0000000740b00000,0x000000074cb00000)
  from space 15872K, 4% used [0x000000074da80000,0x000000074db28000,0x000000074ea00000)
  to   space 15872K, 0% used [0x000000074cb00000,0x000000074cb00000,0x000000074da80000)
 ParOldGen       total 151040K, used 31440K [0x0000000642000000, 0x000000064b380000, 0x0000000740b00000)
  object space 151040K, 20% used [0x0000000642000000,0x0000000643eb43d8,0x000000064b380000)
 Metaspace       used 52192K, capacity 54374K, committed 55040K, reserved 1110016K
  class space    used 7116K, capacity 7544K, committed 7680K, reserved 1048576K
}
Event: 7.617 GC heap before
{Heap before GC invocations=22 (full 8):
 PSYoungGen      total 212480K, used 672K [0x0000000740b00000, 0x000000074ea00000, 0x00000007c0000000)
  eden space 196608K, 0% used [0x0000000740b00000,0x0000000740b00000,0x000000074cb00000)
  from space 15872K, 4% used [0x000000074da80000,0x000000074db28000,0x000000074ea00000)
  to   space 15872K, 0% used [0x000000074cb00000,0x000000074cb00000,0x000000074da80000)
 ParOldGen       total 151040K, used 31440K [0x0000000642000000, 0x000000064b380000, 0x0000000740b00000)
  object space 151040K, 20% used [0x0000000642000000,0x0000000643eb43d8,0x000000064b380000)
 Metaspace       used 52192K, capacity 54374K, committed 55040K, reserved 1110016K
  class space    used 7116K, capacity 7544K, committed 7680K, reserved 1048576K
Event: 7.665 GC heap after
Heap after GC invocations=22 (full 8):
 PSYoungGen      total 212480K, used 0K [0x0000000740b00000, 0x000000074ea00000, 0x00000007c0000000)
  eden space 196608K, 0% used [0x0000000740b00000,0x0000000740b00000,0x000000074cb00000)
  from space 15872K, 0% used [0x000000074da80000,0x000000074da80000,0x000000074ea00000)
  to   space 15872K, 0% used [0x000000074cb00000,0x000000074cb00000,0x000000074da80000)
 ParOldGen       total 151040K, used 31580K [0x0000000642000000, 0x000000064b380000, 0x0000000740b00000)
  object space 151040K, 20% used [0x0000000642000000,0x0000000643ed7100,0x000000064b380000)
 Metaspace       used 52192K, capacity 54374K, committed 55040K, reserved 1107968K
  class space    used 7116K, capacity 7544K, committed 7680K, reserved 1048576K
}
Event: 7.696 GC heap before
{Heap before GC invocations=23 (full 8):
 PSYoungGen      total 212480K, used 8650K [0x0000000740b00000, 0x000000074ea00000, 0x00000007c0000000)
  eden space 196608K, 4% used [0x0000000740b00000,0x0000000741372b90,0x000000074cb00000)
  from space 15872K, 0% used [0x000000074da80000,0x000000074da80000,0x000000074ea00000)
  to   space 15872K, 0% used [0x000000074cb00000,0x000000074cb00000,0x000000074da80000)
 ParOldGen       total 151040K, used 31580K [0x0000000642000000, 0x000000064b380000, 0x0000000740b00000)
  object space 151040K, 20% used [0x0000000642000000,0x0000000643ed7100,0x000000064b380000)
 Metaspace       used 52499K, capacity 54694K, committed 55424K, reserved 1114112K
  class space    used 7158K, capacity 7608K, committed 7808K, reserved 1048576K
Event: 7.699 GC heap after
Heap after GC invocations=23 (full 8):
 PSYoungGen      total 212480K, used 684K [0x0000000740b00000, 0x000000074ea00000, 0x00000007c0000000)
  eden space 196608K, 0% used [0x0000000740b00000,0x0000000740b00000,0x000000074cb00000)
  from space 15872K, 4% used [0x000000074cb00000,0x000000074cbab100,0x000000074da80000)
  to   space 15872K, 0% used [0x000000074da80000,0x000000074da80000,0x000000074ea00000)
 ParOldGen       total 151040K, used 31580K [0x0000000642000000, 0x000000064b380000, 0x0000000740b00000)
  object space 151040K, 20% used [0x0000000642000000,0x0000000643ed7100,0x000000064b380000)
 Metaspace       used 52499K, capacity 54694K, committed 55424K, reserved 1114112K
  class space    used 7158K, capacity 7608K, committed 7808K, reserved 1048576K
}
Event: 7.699 GC heap before
{Heap before GC invocations=24 (full 9):
 PSYoungGen      total 212480K, used 684K [0x0000000740b00000, 0x000000074ea00000, 0x00000007c0000000)
  eden space 196608K, 0% used [0x0000000740b00000,0x0000000740b00000,0x000000074cb00000)
  from space 15872K, 4% used [0x000000074cb00000,0x000000074cbab100,0x000000074da80000)
  to   space 15872K, 0% used [0x000000074da80000,0x000000074da80000,0x000000074ea00000)
 ParOldGen       total 151040K, used 31580K [0x0000000642000000, 0x000000064b380000, 0x0000000740b00000)
  object space 151040K, 20% used [0x0000000642000000,0x0000000643ed7100,0x000000064b380000)
 Metaspace       used 52499K, capacity 54694K, committed 55424K, reserved 1114112K
  class space    used 7158K, capacity 7608K, committed 7808K, reserved 1048576K
Event: 7.758 GC heap after
Heap after GC invocations=24 (full 9):
 PSYoungGen      total 212480K, used 0K [0x0000000740b00000, 0x000000074ea00000, 0x00000007c0000000)
  eden space 196608K, 0% used [0x0000000740b00000,0x0000000740b00000,0x000000074cb00000)
  from space 15872K, 0% used [0x000000074cb00000,0x000000074cb00000,0x000000074da80000)
  to   space 15872K, 0% used [0x000000074da80000,0x000000074da80000,0x000000074ea00000)
 ParOldGen       total 151040K, used 31796K [0x0000000642000000, 0x000000064b380000, 0x0000000740b00000)
  object space 151040K, 21% used [0x0000000642000000,0x0000000643f0d290,0x000000064b380000)
 Metaspace       used 52499K, capacity 54694K, committed 55424K, reserved 1110016K
  class space    used 7158K, capacity 7608K, committed 7808K, reserved 1048576K
}

